[2026-02-11 16:53:44] [INFO   ] Device:initGpioController> Non-ARM host detected ({0}); GPIO disabled. 
[2026-02-11 16:53:44] [CONFIG ] _FM1_FLOW   0   2 
[2026-02-11 16:53:44] [CONFIG ] _FM1_TEMP   2   2 
[2026-02-11 16:53:44] [CONFIG ] _FM1_VALVE_POS   4   2 
[2026-02-11 16:53:44] [CONFIG ] _FM1_FLOW_SETP   6   2 
[2026-02-11 16:53:44] [CONFIG ] _FM1_RAMP   8   2 
[2026-02-11 16:53:44] [CONFIG ] _FM1_VALVE_OPEN   10   1 
[2026-02-11 16:53:44] [CONFIG ] _FM1_VALVE_CLOSE   11   1 
[2026-02-11 16:53:44] [CONFIG ] _FM1_FLOW_ZERO   12   1 
[2026-02-11 16:53:44] [CONFIG ] _FM1_FLOWSTEP   13   2 
[2026-02-11 16:53:44] [CONFIG ] _FM1_FLOWMAX   15   2 
[2026-02-11 16:53:44] [CONFIG ] _FM1_TIMEINTER   17   2 
[2026-02-11 16:53:44] [CONFIG ] _FM1_TIME   19   2 
[2026-02-11 16:53:44] [CONFIG ] _FM1_COMST   21   1 
[2026-02-11 16:53:50] [INFO   ] Device:initGpioController> Non-ARM host detected ({0}); GPIO disabled. 
[2026-02-11 16:53:50] [CONFIG ] _SU_VAC_LAB1500N_2_V22ST   22   1 
[2026-02-11 16:53:50] [CONFIG ] _SU_VAC_LAB1500N_1_PR1   22   2 
[2026-02-11 16:53:50] [CONFIG ] _SU_VAC_LAB1500N_2_PR7   24   2 
[2026-02-11 16:53:50] [CONFIG ] _SU_VAC_LAB1500N_1_PR1ST   26   1 
[2026-02-11 16:53:50] [CONFIG ] _SU_VAC_LAB1500N_2_PR7ST   27   1 
[2026-02-11 16:53:50] [CONFIG ] _SU_VAC_LAB1500N_1_PR1SST   28   1 
[2026-02-11 16:53:50] [CONFIG ] _SU_VAC_LAB1500N_2_PR7SST   29   1 
[2026-02-11 16:53:50] [CONFIG ] _SU_VAC_LAB1500N_2_V22CMD   30   1 
[2026-02-11 16:53:50] [CONFIG ] _SU_COMST   31   1 
[2026-02-11 16:53:53] [WARNING] ModbusMaster:updateDeviceData> Communication with FM1 interrupted 
[2026-02-11 16:53:53] [SEVERE ] ModbusMaster:updateDeviceData>java.net.SocketTimeoutException: connect timed out 
