[2026-02-11 15:41:50] [INFO   ] Device:initGpioController> Non-ARM host detected ({0}); GPIO disabled. 
[2026-02-11 15:41:50] [CONFIG ] _SC_VAC_PCOUNTERWE_PC1_UM03FLG   0   1 
[2026-02-11 15:41:50] [CONFIG ] _SC_VAC_PCOUNTERWE_PC1_UM05FLG   1   1 
[2026-02-11 15:41:50] [CONFIG ] _SC_VAC_PCOUNTERWE_PC1_UM1FLG   2   1 
[2026-02-11 15:41:50] [CONFIG ] _SC_VAC_PCOUNTERWE_PC1_UM205FLG   3   1 
[2026-02-11 15:41:50] [CONFIG ] _SC_VAC_PCOUNTERWE_PC1_UM5FLG   4   1 
[2026-02-11 15:41:50] [CONFIG ] _SC_VAC_PCOUNTERWE_PC1_UM10FLG   5   1 
[2026-02-11 15:41:50] [CONFIG ] _SC_VAC_PCOUNTERWE_PC1_INSTRST   6   1 
[2026-02-11 15:41:50] [CONFIG ] _SC_VAC_PCOUNTERWE_PC1_ST   7   1 
[2026-02-11 15:41:50] [CONFIG ] _SC_VAC_PCOUNTERWE_PC1_COMST   8   1 
[2026-02-11 15:41:50] [CONFIG ] _SC_VAC_PCOUNTERWE_PC2_UM03FLG   9   1 
[2026-02-11 15:41:50] [CONFIG ] _SC_VAC_PCOUNTERWE_PC2_UM05FLG   10   1 
[2026-02-11 15:41:50] [CONFIG ] _SC_VAC_PCOUNTERWE_PC2_UM1FLG   11   1 
[2026-02-11 15:41:50] [CONFIG ] _SC_VAC_PCOUNTERWE_PC2_UM205FLG   12   1 
[2026-02-11 15:41:50] [CONFIG ] _SC_VAC_PCOUNTERWE_PC2_UM5FLG   13   1 
[2026-02-11 15:41:50] [CONFIG ] _SC_VAC_PCOUNTERWE_PC2_UM10FLG   14   1 
[2026-02-11 15:41:50] [CONFIG ] _SC_VAC_PCOUNTERWE_PC2_INSTRST   15   1 
[2026-02-11 15:41:50] [CONFIG ] _SC_VAC_PCOUNTERWE_PC2_ST   16   1 
[2026-02-11 15:41:50] [CONFIG ] _SC_VAC_PCOUNTERWE_PC2_COMST   17   1 
[2026-02-11 15:41:50] [CONFIG ] _SC_VAC_PCOUNTERWE_PC3_UM03FLG   18   1 
[2026-02-11 15:41:50] [CONFIG ] _SC_VAC_PCOUNTERWE_PC3_UM05FLG   19   1 
[2026-02-11 15:41:50] [CONFIG ] _SC_VAC_PCOUNTERWE_PC3_UM1FLG   20   1 
[2026-02-11 15:41:50] [CONFIG ] _SC_VAC_PCOUNTERWE_PC3_UM205FLG   21   1 
[2026-02-11 15:41:50] [CONFIG ] _SC_VAC_PCOUNTERWE_PC3_UM5FLG   22   1 
[2026-02-11 15:41:50] [CONFIG ] _SC_VAC_PCOUNTERWE_PC3_UM10FLG   23   1 
[2026-02-11 15:41:50] [CONFIG ] _SC_VAC_PCOUNTERWE_PC3_INSTRST   24   1 
[2026-02-11 15:41:50] [CONFIG ] _SC_VAC_PCOUNTERWE_PC3_ST   25   1 
[2026-02-11 15:41:50] [CONFIG ] _SC_VAC_PCOUNTERWE_PC3_COMST   26   1 
[2026-02-11 15:41:50] [CONFIG ] _SC_VAC_PCOUNTERWE_PC4_UM03FLG   27   1 
[2026-02-11 15:41:50] [CONFIG ] _SC_VAC_PCOUNTERWE_PC4_UM05FLG   28   1 
[2026-02-11 15:41:50] [CONFIG ] _SC_VAC_PCOUNTERWE_PC4_UM1FLG   29   1 
[2026-02-11 15:41:50] [CONFIG ] _SC_VAC_PCOUNTERWE_PC4_UM205FLG   30   1 
[2026-02-11 15:41:50] [CONFIG ] _SC_VAC_PCOUNTERWE_PC4_UM5FLG   31   1 
[2026-02-11 15:41:50] [CONFIG ] _SC_VAC_PCOUNTERWE_PC4_UM10FLG   32   1 
[2026-02-11 15:41:50] [CONFIG ] _SC_VAC_PCOUNTERWE_PC4_INSTRST   33   1 
[2026-02-11 15:41:50] [CONFIG ] _SC_VAC_PCOUNTERWE_PC4_ST   34   1 
[2026-02-11 15:41:50] [CONFIG ] _SC_VAC_PCOUNTERWE_PC4_COMST   35   1 
[2026-02-11 15:41:50] [CONFIG ] _SC_VAC_PCOUNTERWE_PC5_UM03FLG   36   1 
[2026-02-11 15:41:50] [CONFIG ] _SC_VAC_PCOUNTERWE_PC5_UM05FLG   37   1 
[2026-02-11 15:41:50] [CONFIG ] _SC_VAC_PCOUNTERWE_PC5_UM1FLG   38   1 
[2026-02-11 15:41:50] [CONFIG ] _SC_VAC_PCOUNTERWE_PC5_UM205FLG   39   1 
[2026-02-11 15:41:50] [CONFIG ] _SC_VAC_PCOUNTERWE_PC5_UM5FLG   40   1 
[2026-02-11 15:41:50] [CONFIG ] _SC_VAC_PCOUNTERWE_PC5_UM10FLG   41   1 
[2026-02-11 15:41:50] [CONFIG ] _SC_VAC_PCOUNTERWE_PC5_INSTRST   42   1 
[2026-02-11 15:41:50] [CONFIG ] _SC_VAC_PCOUNTERWE_PC5_ST   43   1 
[2026-02-11 15:41:50] [CONFIG ] _SC_VAC_PCOUNTERWE_PC5_COMST   44   1 
[2026-02-11 15:41:50] [CONFIG ] _SC_VAC_PCOUNTERWE_PC6_UM03FLG   45   1 
[2026-02-11 15:41:50] [CONFIG ] _SC_VAC_PCOUNTERWE_PC6_UM05FLG   46   1 
[2026-02-11 15:41:50] [CONFIG ] _SC_VAC_PCOUNTERWE_PC6_UM1FLG   47   1 
[2026-02-11 15:41:50] [CONFIG ] _SC_VAC_PCOUNTERWE_PC6_UM205FLG   48   1 
[2026-02-11 15:41:50] [CONFIG ] _SC_VAC_PCOUNTERWE_PC6_UM5FLG   49   1 
[2026-02-11 15:41:50] [CONFIG ] _SC_VAC_PCOUNTERWE_PC6_UM10FLG   50   1 
[2026-02-11 15:41:50] [CONFIG ] _SC_VAC_PCOUNTERWE_PC6_INSTRST   51   1 
[2026-02-11 15:41:50] [CONFIG ] _SC_VAC_PCOUNTERWE_PC6_ST   52   1 
[2026-02-11 15:41:50] [CONFIG ] _SC_VAC_PCOUNTERWE_PC6_COMST   53   1 
[2026-02-11 15:41:50] [CONFIG ] _SC_VAC_PCOUNTERWE_PC7_UM03FLG   54   1 
[2026-02-11 15:41:50] [CONFIG ] _SC_VAC_PCOUNTERWE_PC7_UM05FLG   55   1 
[2026-02-11 15:41:50] [CONFIG ] _SC_VAC_PCOUNTERWE_PC7_UM1FLG   56   1 
[2026-02-11 15:41:50] [CONFIG ] _SC_VAC_PCOUNTERWE_PC7_UM205FLG   57   1 
[2026-02-11 15:41:50] [CONFIG ] _SC_VAC_PCOUNTERWE_PC7_UM5FLG   58   1 
[2026-02-11 15:41:50] [CONFIG ] _SC_VAC_PCOUNTERWE_PC7_UM10FLG   59   1 
[2026-02-11 15:41:50] [CONFIG ] _SC_VAC_PCOUNTERWE_PC7_INSTRST   60   1 
[2026-02-11 15:41:50] [CONFIG ] _SC_VAC_PCOUNTERWE_PC7_ST   61   1 
[2026-02-11 15:41:50] [CONFIG ] _SC_VAC_PCOUNTERWE_PC7_COMST   62   1 
[2026-02-11 15:41:50] [CONFIG ] _SC_VAC_PCOUNTERWE_PC8_UM03FLG   63   1 
[2026-02-11 15:41:50] [CONFIG ] _SC_VAC_PCOUNTERWE_PC8_UM05FLG   64   1 
[2026-02-11 15:41:50] [CONFIG ] _SC_VAC_PCOUNTERWE_PC8_UM1FLG   65   1 
[2026-02-11 15:41:50] [CONFIG ] _SC_VAC_PCOUNTERWE_PC8_UM205FLG   66   1 
[2026-02-11 15:41:50] [CONFIG ] _SC_VAC_PCOUNTERWE_PC8_UM5FLG   67   1 
[2026-02-11 15:41:50] [CONFIG ] _SC_VAC_PCOUNTERWE_PC8_UM10FLG   68   1 
[2026-02-11 15:41:50] [CONFIG ] _SC_VAC_PCOUNTERWE_PC8_INSTRST   69   1 
[2026-02-11 15:41:50] [CONFIG ] _SC_VAC_PCOUNTERWE_PC8_ST   70   1 
[2026-02-11 15:41:50] [CONFIG ] _SC_VAC_PCOUNTERWE_PC8_COMST   71   1 
[2026-02-11 15:41:50] [CONFIG ] _SC_VAC_PCOUNTERMOB1_UM03FLG   72   1 
[2026-02-11 15:41:50] [CONFIG ] _SC_VAC_PCOUNTERMOB1_UM05FLG   73   1 
[2026-02-11 15:41:50] [CONFIG ] _SC_VAC_PCOUNTERMOB1_UM1FLG   74   1 
[2026-02-11 15:41:50] [CONFIG ] _SC_VAC_PCOUNTERMOB1_UM205FLG   75   1 
[2026-02-11 15:41:50] [CONFIG ] _SC_VAC_PCOUNTERMOB1_UM5FLG   76   1 
[2026-02-11 15:41:50] [CONFIG ] _SC_VAC_PCOUNTERMOB1_UM10FLG   77   1 
[2026-02-11 15:41:50] [CONFIG ] _SC_VAC_PCOUNTERMOB1_INSTRST   78   1 
[2026-02-11 15:41:50] [CONFIG ] _SC_VAC_PCOUNTERMOB1_ST   79   1 
[2026-02-11 15:41:50] [CONFIG ] _SC_VAC_PCOUNTERMOB1_RackStatus   80   1 
[2026-02-11 15:41:50] [CONFIG ] _SC_VAC_PCOUNTERMOB2_UM03FLG   81   1 
[2026-02-11 15:41:50] [CONFIG ] _SC_VAC_PCOUNTERMOB2_UM05FLG   82   1 
[2026-02-11 15:41:50] [CONFIG ] _SC_VAC_PCOUNTERMOB2_UM1FLG   83   1 
[2026-02-11 15:41:50] [CONFIG ] _SC_VAC_PCOUNTERMOB2_UM205FLG   84   1 
[2026-02-11 15:41:50] [CONFIG ] _SC_VAC_PCOUNTERMOB2_UM5FLG   85   1 
[2026-02-11 15:41:50] [CONFIG ] _SC_VAC_PCOUNTERMOB2_UM10FLG   86   1 
[2026-02-11 15:41:50] [CONFIG ] _SC_VAC_PCOUNTERMOB2_INSTRST   87   1 
[2026-02-11 15:41:50] [CONFIG ] _SC_VAC_PCOUNTERMOB2_ST   88   1 
[2026-02-11 15:41:50] [CONFIG ] _SC_VAC_PCOUNTERMOB2_RackStatus   89   1 
[2026-02-11 15:41:50] [CONFIG ] _SC_VAC_PCOUNTERMOB3_UM03FLG   90   1 
[2026-02-11 15:41:50] [CONFIG ] _SC_VAC_PCOUNTERMOB3_UM05FLG   91   1 
[2026-02-11 15:41:50] [CONFIG ] _SC_VAC_PCOUNTERMOB3_UM1FLG   92   1 
[2026-02-11 15:41:50] [CONFIG ] _SC_VAC_PCOUNTERMOB3_UM205FLG   93   1 
[2026-02-11 15:41:50] [CONFIG ] _SC_VAC_PCOUNTERMOB3_UM5FLG   94   1 
[2026-02-11 15:41:50] [CONFIG ] _SC_VAC_PCOUNTERMOB3_UM10FLG   95   1 
[2026-02-11 15:41:50] [CONFIG ] _SC_VAC_PCOUNTERMOB3_INSTRST   96   1 
[2026-02-11 15:41:50] [CONFIG ] _SC_VAC_PCOUNTERMOB3_ST   97   1 
[2026-02-11 15:41:50] [CONFIG ] _SC_VAC_PCOUNTERMOB3_RackStatus   98   1 
[2026-02-11 15:41:50] [CONFIG ] _SC_VAC_REMOTESCROLL_VLPCMD   99   1 
[2026-02-11 15:41:50] [CONFIG ] _SC_VAC_REMOTESCROLL_VLSCMD   100   1 
[2026-02-11 15:41:50] [CONFIG ] _SC_VAC_REMOTESCROLL_MG3_CH3ONOFF   101   1 
[2026-02-11 15:41:50] [CONFIG ] _SC_VAC_REMOTESCROLL_MG1_CH6ONOFF   102   1 
[2026-02-11 15:41:50] [CONFIG ] _SC_COMST   103   1 
[2026-02-11 15:41:50] [INFO   ] Device:initGpioController> Non-ARM host detected ({0}); GPIO disabled. 
[2026-02-11 15:41:50] [FINE   ] SupervisorClient2:SupervisorClient2> SC2 Modbus registers starts at offset 104 
[2026-02-11 15:41:50] [CONFIG ] _SC2_VAC_WE_O2_TOWER_SX_UP_ST   104   1 
[2026-02-11 15:41:50] [CONFIG ] _SC2_VAC_WE_O2_TUNNELDOOR_DOWN   105   2 
[2026-02-11 15:41:50] [CONFIG ] _SC2_VAC_WE_O2_TOWER_SX_DOWN_ST   107   1 
[2026-02-11 15:41:50] [CONFIG ] _SC2_VAC_WE_O2_COMMAND_ELEC_ST   108   1 
[2026-02-11 15:41:50] [CONFIG ] _SC2_VAC_WE_O2_BASEROOM_UP   109   2 
[2026-02-11 15:41:50] [CONFIG ] _SC2_VAC_WE_O2_TUNNEL_DOWN   111   2 
[2026-02-11 15:41:50] [CONFIG ] _SC2_VAC_WE_O2_BASEROOM_DOWN   113   2 
[2026-02-11 15:41:50] [CONFIG ] _SC2_VAC_WE_O2_TOWER_DX_UP   115   2 
[2026-02-11 15:41:50] [CONFIG ] _SC2_VAC_WE_O2_TUNNELDOOR_UP   117   2 
[2026-02-11 15:41:50] [CONFIG ] _SC2_VAC_WE_O2_TUNNEL_UP_ST   119   1 
[2026-02-11 15:41:50] [CONFIG ] _SC2_VAC_WE_O2_CLEANROOM_UP   120   2 
[2026-02-11 15:41:50] [CONFIG ] _SC2_VAC_WE_O2_TOWER_DX_DOWN   122   2 
[2026-02-11 15:41:50] [CONFIG ] _SC2_VAC_WE_O2_TOWER_SX_UP   124   2 
[2026-02-11 15:41:50] [CONFIG ] _SC2_VAC_WE_O2_CLEANROOM_DOWN_ST   126   1 
[2026-02-11 15:41:50] [CONFIG ] _SC2_VAC_WE_O2_TOWER_SX_DOWN   127   2 
[2026-02-11 15:41:50] [CONFIG ] _SC2_VAC_WE_O2_TUNNEL_PUSH_ST   129   1 
[2026-02-11 15:41:50] [CONFIG ] _SC2_VAC_WE_O2_TUNNEL_PUSH_ST   130   1 
[2026-02-11 15:41:50] [CONFIG ] _SC2_VAC_WE_O2_MAIN_PUSH   131   1 
[2026-02-11 15:41:50] [CONFIG ] _SC2_VAC_WE_O2_TUNNELDOOR_DOWN_ST   132   1 
[2026-02-11 15:41:50] [CONFIG ] _SC2_VAC_WE_O2_SIREN_ST   133   1 
[2026-02-11 15:41:50] [CONFIG ] _SC2_VAC_WE_O2_SIREN_ST   134   1 
[2026-02-11 15:41:50] [CONFIG ] _SC2_VAC_WE_O2_TUNNEL_PUSH   135   1 
[2026-02-11 15:41:50] [CONFIG ] _SC2_VAC_WE_O2_TUNNEL_UP   136   2 
[2026-02-11 15:41:50] [CONFIG ] _SC2_VAC_WE_O2_CLEANROOM_DOWN   138   2 
[2026-02-11 15:41:50] [CONFIG ] _SC2_VAC_WE_O2_BASEROOM_UP_ST   140   1 
[2026-02-11 15:41:50] [CONFIG ] _SC2_VAC_WE_O2_SIREN_ST   141   1 
[2026-02-11 15:41:50] [CONFIG ] _SC2_VAC_WE_O2_TUNNEL_DOWN_ST   142   1 
[2026-02-11 15:41:50] [CONFIG ] _SC2_VAC_WE_O2_BASEROOM_DOWN_ST   143   1 
[2026-02-11 15:41:50] [CONFIG ] _SC2_VAC_WE_O2_TOWER_DX_UP_ST   144   1 
[2026-02-11 15:41:50] [CONFIG ] _SC2_VAC_WE_O2_TUNNELDOOR_UP_ST   145   1 
[2026-02-11 15:41:50] [CONFIG ] _SC2_VAC_WE_O2_COMMAND_ELEC_ST   146   1 
[2026-02-11 15:41:50] [CONFIG ] _SC2_VAC_WE_O2_COMMAND_ELEC_ST   147   1 
[2026-02-11 15:41:50] [CONFIG ] _SC2_VAC_WE_O2_MAIN_PUSH_ST   148   1 
[2026-02-11 15:41:50] [CONFIG ] _SC2_VAC_WE_O2_MAIN_PUSH_ST   149   1 
[2026-02-11 15:41:50] [CONFIG ] _SC2_VAC_WE_O2_CLEANROOM_UP_ST   150   1 
[2026-02-11 15:41:50] [CONFIG ] _SC2_VAC_WE_O2_TOWER_DX_DOWN_ST   151   1 
[2026-02-11 15:41:50] [CONFIG ] _SC2_GPS   152   2 
[2026-02-11 15:41:50] [CONFIG ] _SC2_COMST   154   1 
